{"node_id":"3","ph":"8.5","temp":"27.3","createdAt":"2026-02-04T13:45:22.639Z"}
{"node_id":"3","ph":"8.4","temp":"27.3","createdAt":"2026-02-04T13:45:42.639Z"}
{"node_id":"3","ph":"8.3","temp":"27.3","createdAt":"2026-02-04T13:46:12.642Z"}
{"node_id":"3","ph":"8.5","temp":"27.3","createdAt":"2026-02-04T13:46:32.644Z"}
{"node_id":"3","ph":"8.4","temp":"27.3","createdAt":"2026-02-04T13:46:52.645Z"}
{"node_id":"3","ph":"8.5","temp":"27.3","createdAt":"2026-02-04T13:47:02.645Z"}
{"node_id":"3","ph":"8.4","temp":"27.3","createdAt":"2026-02-04T13:47:12.646Z"}
{"node_id":"3","ph":"8.5","temp":"27.3","createdAt":"2026-02-04T13:47:22.647Z"}
{"node_id":"3","ph":"8.3","temp":"27.3","createdAt":"2026-02-04T13:47:32.648Z"}
{"node_id":"3","ph":"8.4","temp":"27.3","createdAt":"2026-02-04T13:47:52.652Z"}
{"node_id":"3","ph":"8.3","temp":"27.3","createdAt":"2026-02-04T13:48:02.652Z"}
{"node_id":"3","ph":"8.4","temp":"27.3","createdAt":"2026-02-04T13:48:22.657Z"}
{"node_id":"3","ph":"8.5","temp":"27.3","createdAt":"2026-02-04T13:48:32.660Z"}
{"node_id":"3","ph":"8.3","temp":"27.3","createdAt":"2026-02-04T13:48:42.658Z"}
{"node_id":"3","ph":"8.4","temp":"27.3","createdAt":"2026-02-04T13:48:52.660Z"}
{"node_id":"3","ph":"8.5","temp":"27.3","createdAt":"2026-02-04T13:49:02.660Z"}
{"node_id":"3","ph":"8.3","temp":"27.3","createdAt":"2026-02-04T13:49:12.662Z"}
{"node_id":"3","ph":"8.5","temp":"27.3","createdAt":"2026-02-04T13:49:22.664Z"}
{"node_id":"3","ph":"8.4","temp":"27.3","createdAt":"2026-02-04T13:49:32.663Z"}
{"node_id":"3","ph":"8.5","temp":"27.3","createdAt":"2026-02-04T13:49:42.663Z"}
{"node_id":"3","ph":"8.4","temp":"27.3","createdAt":"2026-02-04T13:49:52.665Z"}
{"node_id":"3","ph":"8.3","temp":"27.3","createdAt":"2026-02-04T13:50:02.665Z"}
{"node_id":"3","ph":"8.4","temp":"27.3","createdAt":"2026-02-04T13:50:22.667Z"}
{"node_id":"3","ph":"8.5","temp":"27.3","createdAt":"2026-02-04T13:50:32.670Z"}
{"node_id":"3","ph":"8.3","temp":"27.3","createdAt":"2026-02-04T13:50:42.670Z"}
{"node_id":"3","ph":"8.4","temp":"27.3","createdAt":"2026-02-04T13:50:52.672Z"}
{"node_id":"3","ph":"8.5","temp":"27.3","createdAt":"2026-02-04T13:51:02.674Z"}
{"node_id":"3","ph":"8.4","temp":"27.3","createdAt":"2026-02-04T13:51:32.677Z"}
{"node_id":"3","ph":"8.5","temp":"27.3","createdAt":"2026-02-04T13:52:02.682Z"}
{"node_id":"3","ph":"8.4","temp":"27.3","createdAt":"2026-02-04T13:52:12.683Z"}
{"node_id":"3","ph":"8.5","temp":"27.3","createdAt":"2026-02-04T13:52:22.684Z"}
{"node_id":"3","ph":"8.5","temp":"27.2","createdAt":"2026-02-04T13:52:32.684Z"}
{"node_id":"3","ph":"8.4","temp":"27.3","createdAt":"2026-02-04T13:52:42.686Z"}
{"node_id":"3","ph":"8.3","temp":"27.3","createdAt":"2026-02-04T13:52:52.686Z"}
{"node_id":"3","ph":"8.5","temp":"27.3","createdAt":"2026-02-04T13:53:02.688Z"}
{"node_id":"3","ph":"8.3","temp":"27.3","createdAt":"2026-02-04T13:53:52.693Z"}
{"node_id":"3","ph":"8.5","temp":"27.3","createdAt":"2026-02-04T13:54:02.695Z"}
{"node_id":"3","ph":"8.4","temp":"27.3","createdAt":"2026-02-04T13:54:22.697Z"}
{"node_id":"3","ph":"8.4","temp":"27.2","createdAt":"2026-02-04T13:54:32.699Z"}
{"node_id":"3","ph":"8.5","temp":"27.3","createdAt":"2026-02-04T13:54:42.699Z"}
{"node_id":"3","ph":"8.4","temp":"27.3","createdAt":"2026-02-04T13:54:52.700Z"}
{"node_id":"3","ph":"8.3","temp":"27.3","createdAt":"2026-02-04T13:55:02.702Z"}
{"node_id":"3","ph":"8.4","temp":"27.2","createdAt":"2026-02-04T13:55:32.704Z"}
{"node_id":"3","ph":"8.6","temp":"27.3","createdAt":"2026-02-04T13:55:52.707Z"}
{"node_id":"3","ph":"8.5","temp":"27.3","createdAt":"2026-02-04T13:56:02.708Z"}
{"node_id":"3","ph":"8.4","temp":"27.3","createdAt":"2026-02-04T13:56:12.709Z"}
{"node_id":"3","ph":"8.5","temp":"27.3","createdAt":"2026-02-04T13:56:32.712Z"}
{"node_id":"3","ph":"8.3","temp":"27.3","createdAt":"2026-02-04T13:56:52.714Z"}
{"node_id":"3","ph":"8.5","temp":"27.2","createdAt":"2026-02-04T13:57:02.714Z"}
{"node_id":"3","ph":"8.3","temp":"27.2","createdAt":"2026-02-04T13:57:22.716Z"}
{"node_id":"3","ph":"8.3","temp":"27.3","createdAt":"2026-02-04T13:57:32.718Z"}
{"node_id":"3","ph":"8.5","temp":"27.3","createdAt":"2026-02-04T13:57:42.719Z"}
{"node_id":"3","ph":"8.4","temp":"27.3","createdAt":"2026-02-04T13:57:52.719Z"}
{"node_id":"3","ph":"8.4","temp":"27.2","createdAt":"2026-02-04T13:58:02.720Z"}
{"node_id":"3","ph":"8.4","temp":"27.3","createdAt":"2026-02-04T13:58:12.721Z"}
{"node_id":"3","ph":"8.5","temp":"27.3","createdAt":"2026-02-04T13:58:22.723Z"}
{"node_id":"3","ph":"8.3","temp":"27.2","createdAt":"2026-02-04T13:58:32.724Z"}
{"node_id":"3","ph":"8.5","temp":"27.2","createdAt":"2026-02-04T13:58:42.728Z"}
{"node_id":"3","ph":"8.5","temp":"27.3","createdAt":"2026-02-04T13:58:52.731Z"}
{"node_id":"3","ph":"8.4","temp":"27.2","createdAt":"2026-02-04T13:59:02.735Z"}
{"node_id":"3","ph":"8.4","temp":"27.3","createdAt":"2026-02-04T13:59:22.738Z"}
{"node_id":"3","ph":"8.5","temp":"27.3","createdAt":"2026-02-04T13:59:32.740Z"}
{"node_id":"3","ph":"8.4","temp":"27.3","createdAt":"2026-02-04T14:00:02.744Z"}
{"node_id":"3","ph":"8.4","temp":"27.2","createdAt":"2026-02-04T14:00:12.745Z"}
{"node_id":"3","ph":"8.5","temp":"27.3","createdAt":"2026-02-04T14:00:22.748Z"}
{"node_id":"3","ph":"8.5","temp":"27.2","createdAt":"2026-02-04T14:00:32.747Z"}
{"node_id":"3","ph":"8.4","temp":"27.2","createdAt":"2026-02-04T14:00:52.749Z"}
{"node_id":"3","ph":"8.5","temp":"27.2","createdAt":"2026-02-04T14:01:02.751Z"}
{"node_id":"3","ph":"8.4","temp":"27.2","createdAt":"2026-02-04T14:01:12.751Z"}
{"node_id":"3","ph":"8.3","temp":"27.2","createdAt":"2026-02-04T14:01:32.754Z"}
{"node_id":"3","ph":"8.4","temp":"27.3","createdAt":"2026-02-04T14:01:42.757Z"}
{"node_id":"3","ph":"8.4","temp":"27.2","createdAt":"2026-02-04T14:01:52.757Z"}
{"node_id":"3","ph":"8.5","temp":"27.2","createdAt":"2026-02-04T14:02:02.757Z"}
{"node_id":"3","ph":"8.3","temp":"27.2","createdAt":"2026-02-04T14:02:12.758Z"}
{"node_id":"3","ph":"8.6","temp":"27.3","createdAt":"2026-02-04T14:02:22.759Z"}
{"node_id":"3","ph":"8.4","temp":"27.2","createdAt":"2026-02-04T14:02:32.762Z"}
{"node_id":"3","ph":"8.3","temp":"27.2","createdAt":"2026-02-04T14:02:42.763Z"}
{"node_id":"3","ph":"8.5","temp":"27.2","createdAt":"2026-02-04T14:02:52.764Z"}
{"node_id":"3","ph":"8.6","temp":"27.2","createdAt":"2026-02-04T14:03:02.766Z"}
{"node_id":"3","ph":"8.4","temp":"27.2","createdAt":"2026-02-04T14:03:12.766Z"}
{"node_id":"3","ph":"8.5","temp":"27.2","createdAt":"2026-02-04T14:03:32.769Z"}
{"node_id":"3","ph":"8.5","temp":"27.3","createdAt":"2026-02-04T14:03:42.770Z"}
{"node_id":"3","ph":"8.4","temp":"27.3","createdAt":"2026-02-04T14:03:52.772Z"}
{"node_id":"3","ph":"8.3","temp":"27.2","createdAt":"2026-02-04T14:04:02.775Z"}
{"node_id":"3","ph":"8.4","temp":"27.2","createdAt":"2026-02-04T14:04:12.774Z"}
{"node_id":"3","ph":"8.5","temp":"27.2","createdAt":"2026-02-04T14:04:22.776Z"}
{"node_id":"3","ph":"8.4","temp":"27.2","createdAt":"2026-02-04T14:04:32.777Z"}
{"node_id":"3","ph":"8.5","temp":"27.3","createdAt":"2026-02-04T14:04:52.779Z"}
{"node_id":"3","ph":"8.3","temp":"27.2","createdAt":"2026-02-04T14:05:02.778Z"}
{"node_id":"3","ph":"8.6","temp":"27.2","createdAt":"2026-02-04T14:05:12.781Z"}
{"node_id":"3","ph":"8.5","temp":"27.2","createdAt":"2026-02-04T14:05:22.781Z"}
{"node_id":"3","ph":"8.6","temp":"27.2","createdAt":"2026-02-04T14:05:32.783Z"}
{"node_id":"3","ph":"8.4","temp":"27.2","createdAt":"2026-02-04T14:05:52.785Z"}
{"node_id":"3","ph":"8.6","temp":"27.2","createdAt":"2026-02-04T14:06:02.787Z"}
{"node_id":"3","ph":"8.5","temp":"27.2","createdAt":"2026-02-04T14:06:12.787Z"}
{"node_id":"3","ph":"8.4","temp":"27.2","createdAt":"2026-02-04T14:06:22.787Z"}
{"node_id":"3","ph":"8.6","temp":"27.2","createdAt":"2026-02-04T14:06:32.788Z"}
{"node_id":"3","ph":"8.3","temp":"27.2","createdAt":"2026-02-04T14:06:42.789Z"}
{"node_id":"3","ph":"8.4","temp":"27.2","createdAt":"2026-02-04T14:06:52.790Z"}
{"node_id":"3","ph":"8.5","temp":"27.2","createdAt":"2026-02-04T14:07:02.793Z"}
{"node_id":"3","ph":"8.3","temp":"27.2","createdAt":"2026-02-04T14:07:12.793Z"}
{"node_id":"3","ph":"8.6","temp":"27.2","createdAt":"2026-02-04T14:07:22.796Z"}
{"node_id":"3","ph":"8.4","temp":"27.2","createdAt":"2026-02-04T14:07:42.799Z"}
{"node_id":"3","ph":"8.3","temp":"27.2","createdAt":"2026-02-04T14:08:02.801Z"}
{"node_id":"3","ph":"8.4","temp":"27.2","createdAt":"2026-02-04T14:08:12.802Z"}
{"node_id":"3","ph":"8.6","temp":"27.2","createdAt":"2026-02-04T14:08:22.802Z"}
{"node_id":"3","ph":"8.5","temp":"27.2","createdAt":"2026-02-04T14:08:32.805Z"}
{"node_id":"3","ph":"8.6","temp":"27.2","createdAt":"2026-02-04T14:08:42.806Z"}
{"node_id":"3","ph":"8.4","temp":"27.2","createdAt":"2026-02-04T14:08:52.807Z"}
{"node_id":"3","ph":"8.3","temp":"27.2","createdAt":"2026-02-04T14:09:02.807Z"}
{"node_id":"3","ph":"8.5","temp":"27.2","createdAt":"2026-02-04T14:09:12.808Z"}
{"node_id":"3","ph":"8.4","temp":"27.2","createdAt":"2026-02-04T14:09:22.809Z"}
{"node_id":"3","ph":"8.5","temp":"27.2","createdAt":"2026-02-04T14:09:32.810Z"}
{"node_id":"3","ph":"8.4","temp":"27.2","createdAt":"2026-02-04T14:09:42.812Z"}
{"node_id":"3","ph":"8.5","temp":"27.2","createdAt":"2026-02-04T14:09:52.813Z"}
{"node_id":"3","ph":"8.6","temp":"27.2","createdAt":"2026-02-04T14:10:12.815Z"}
{"node_id":"3","ph":"8.5","temp":"27.2","createdAt":"2026-02-04T14:10:22.816Z"}
{"node_id":"3","ph":"8.4","temp":"27.2","createdAt":"2026-02-04T14:10:32.816Z"}
{"node_id":"3","ph":"8.5","temp":"27.2","createdAt":"2026-02-04T14:10:42.817Z"}
{"node_id":"3","ph":"8.4","temp":"27.2","createdAt":"2026-02-04T14:10:52.818Z"}
{"node_id":"3","ph":"8.6","temp":"27.2","createdAt":"2026-02-04T14:11:02.820Z"}
{"node_id":"3","ph":"8.5","temp":"27.2","createdAt":"2026-02-04T14:11:12.821Z"}
{"node_id":"3","ph":"8.3","temp":"27.2","createdAt":"2026-02-04T14:11:22.823Z"}
{"node_id":"3","ph":"8.4","temp":"27.2","createdAt":"2026-02-04T14:11:32.825Z"}
{"node_id":"3","ph":"8.6","temp":"27.2","createdAt":"2026-02-04T14:11:42.825Z"}
{"node_id":"3","ph":"8.5","temp":"27.2","createdAt":"2026-02-04T14:11:52.826Z"}
{"node_id":"3","ph":"8.6","temp":"27.2","createdAt":"2026-02-04T14:12:02.827Z"}
{"node_id":"3","ph":"8.5","temp":"27.2","createdAt":"2026-02-04T14:12:12.829Z"}
{"node_id":"3","ph":"8.3","temp":"27.2","createdAt":"2026-02-04T14:12:22.830Z"}
{"node_id":"3","ph":"8.6","temp":"27.2","createdAt":"2026-02-04T14:12:32.831Z"}
{"node_id":"3","ph":"8.4","temp":"27.2","createdAt":"2026-02-04T14:12:42.830Z"}
{"node_id":"3","ph":"8.3","temp":"27.2","createdAt":"2026-02-04T14:13:02.833Z"}
{"node_id":"3","ph":"8.6","temp":"27.2","createdAt":"2026-02-04T14:13:12.834Z"}
{"node_id":"3","ph":"8.4","temp":"27.2","createdAt":"2026-02-04T14:13:22.838Z"}
{"node_id":"3","ph":"8.3","temp":"27.2","createdAt":"2026-02-04T14:13:42.840Z"}
{"node_id":"3","ph":"8.5","temp":"27.2","createdAt":"2026-02-04T14:13:52.843Z"}
{"node_id":"3","ph":"8.6","temp":"27.2","createdAt":"2026-02-04T14:14:02.845Z"}
{"node_id":"3","ph":"8.4","temp":"27.2","createdAt":"2026-02-04T14:14:12.846Z"}
{"node_id":"3","ph":"8.6","temp":"27.2","createdAt":"2026-02-04T14:14:32.849Z"}
{"node_id":"3","ph":"8.4","temp":"27.2","createdAt":"2026-02-04T14:14:42.849Z"}
{"node_id":"3","ph":"8.6","temp":"27.2","createdAt":"2026-02-04T14:15:02.852Z"}
{"node_id":"3","ph":"8.3","temp":"27.2","createdAt":"2026-02-04T14:15:22.854Z"}
{"node_id":"3","ph":"8.4","temp":"27.2","createdAt":"2026-02-04T14:15:32.855Z"}
{"node_id":"3","ph":"8.5","temp":"27.2","createdAt":"2026-02-04T14:15:42.856Z"}
{"node_id":"3","ph":"8.4","temp":"27.2","createdAt":"2026-02-04T14:15:52.857Z"}
{"node_id":"3","ph":"8.6","temp":"27.2","createdAt":"2026-02-04T14:16:12.860Z"}
{"node_id":"3","ph":"8.5","temp":"27.2","createdAt":"2026-02-04T14:16:22.862Z"}
{"node_id":"3","ph":"8.6","temp":"27.2","createdAt":"2026-02-04T14:16:32.863Z"}
{"node_id":"3","ph":"8.5","temp":"27.2","createdAt":"2026-02-04T14:16:42.864Z"}
{"node_id":"3","ph":"8.6","temp":"27.2","createdAt":"2026-02-04T14:16:52.864Z"}
{"node_id":"3","ph":"8.4","temp":"27.2","createdAt":"2026-02-04T14:17:02.867Z"}
{"node_id":"3","ph":"8.6","temp":"27.2","createdAt":"2026-02-04T14:17:12.866Z"}
{"node_id":"3","ph":"8.5","temp":"27.2","createdAt":"2026-02-04T14:17:22.867Z"}
{"node_id":"3","ph":"8.4","temp":"27.2","createdAt":"2026-02-04T14:17:32.869Z"}
{"node_id":"3","ph":"8.6","temp":"27.2","createdAt":"2026-02-04T14:17:52.870Z"}
{"node_id":"3","ph":"8.3","temp":"27.2","createdAt":"2026-02-04T14:18:12.873Z"}
{"node_id":"3","ph":"8.6","temp":"27.2","createdAt":"2026-02-04T14:18:22.874Z"}
{"node_id":"3","ph":"8.4","temp":"27.2","createdAt":"2026-02-04T14:18:52.876Z"}
{"node_id":"3","ph":"8.6","temp":"27.2","createdAt":"2026-02-04T14:19:12.879Z"}
{"node_id":"3","ph":"8.3","temp":"27.2","createdAt":"2026-02-04T14:19:32.881Z"}
{"node_id":"3","ph":"8.5","temp":"27.2","createdAt":"2026-02-04T14:19:42.882Z"}
{"node_id":"3","ph":"8.4","temp":"27.2","createdAt":"2026-02-04T14:19:52.884Z"}
{"node_id":"3","ph":"8.6","temp":"27.2","createdAt":"2026-02-04T14:20:02.885Z"}
{"node_id":"3","ph":"8.3","temp":"27.1","createdAt":"2026-02-04T14:20:12.887Z"}
{"node_id":"3","ph":"8.3","temp":"27.2","createdAt":"2026-02-04T14:20:22.888Z"}
{"node_id":"3","ph":"8.4","temp":"27.2","createdAt":"2026-02-04T14:20:32.889Z"}
{"node_id":"3","ph":"8.5","temp":"27.2","createdAt":"2026-02-04T14:20:42.891Z"}
{"node_id":"3","ph":"8.3","temp":"27.2","createdAt":"2026-02-04T14:20:52.892Z"}
{"node_id":"3","ph":"8.6","temp":"27.2","createdAt":"2026-02-04T14:21:02.894Z"}
{"node_id":"3","ph":"8.3","temp":"27.2","createdAt":"2026-02-04T14:21:12.895Z"}
{"node_id":"3","ph":"8.5","temp":"27.2","createdAt":"2026-02-04T14:21:22.897Z"}
{"node_id":"3","ph":"8.3","temp":"27.2","createdAt":"2026-02-04T14:21:32.898Z"}
{"node_id":"3","ph":"8.6","temp":"27.2","createdAt":"2026-02-04T14:21:42.899Z"}
{"node_id":"3","ph":"8.4","temp":"27.2","createdAt":"2026-02-04T14:21:52.901Z"}
{"node_id":"3","ph":"8.4","temp":"27.1","createdAt":"2026-02-04T14:22:12.904Z"}
{"node_id":"3","ph":"8.4","temp":"27.2","createdAt":"2026-02-04T14:22:22.905Z"}
{"node_id":"3","ph":"8.5","temp":"27.1","createdAt":"2026-02-04T14:22:32.906Z"}
{"node_id":"3","ph":"8.4","temp":"27.2","createdAt":"2026-02-04T14:22:42.907Z"}
{"node_id":"3","ph":"8.6","temp":"27.2","createdAt":"2026-02-04T14:22:52.909Z"}
{"node_id":"3","ph":"8.4","temp":"27.1","createdAt":"2026-02-04T14:23:02.909Z"}
{"node_id":"3","ph":"8.3","temp":"27.2","createdAt":"2026-02-04T14:23:12.911Z"}
{"node_id":"3","ph":"8.5","temp":"27.2","createdAt":"2026-02-04T14:23:22.912Z"}
{"node_id":"3","ph":"8.6","temp":"27.2","createdAt":"2026-02-04T14:23:32.915Z"}
{"node_id":"3","ph":"8.4","temp":"27.1","createdAt":"2026-02-04T14:23:42.915Z"}
{"node_id":"3","ph":"8.4","temp":"27.2","createdAt":"2026-02-04T14:23:52.917Z"}
{"node_id":"3","ph":"8.5","temp":"27.2","createdAt":"2026-02-04T14:24:02.918Z"}
{"node_id":"3","ph":"8.6","temp":"27.2","createdAt":"2026-02-04T14:24:22.923Z"}
{"node_id":"3","ph":"8.3","temp":"27.1","createdAt":"2026-02-04T14:24:32.924Z"}
{"node_id":"3","ph":"8.6","temp":"27.2","createdAt":"2026-02-04T14:24:42.925Z"}
{"node_id":"3","ph":"8.4","temp":"27.2","createdAt":"2026-02-04T14:24:52.926Z"}
{"node_id":"3","ph":"8.4","temp":"27.1","createdAt":"2026-02-04T14:25:02.926Z"}
{"node_id":"3","ph":"8.3","temp":"27.2","createdAt":"2026-02-04T14:25:12.927Z"}
{"node_id":"3","ph":"8.5","temp":"27.1","createdAt":"2026-02-04T14:25:22.928Z"}
{"node_id":"3","ph":"8.4","temp":"27.1","createdAt":"2026-02-04T14:25:32.929Z"}
{"node_id":"3","ph":"8.6","temp":"27.1","createdAt":"2026-02-04T14:25:42.931Z"}
{"node_id":"3","ph":"8.5","temp":"27.1","createdAt":"2026-02-04T14:26:02.934Z"}
{"node_id":"3","ph":"8.6","temp":"27.1","createdAt":"2026-02-04T14:26:12.935Z"}
{"node_id":"3","ph":"8.6","temp":"27.2","createdAt":"2026-02-04T14:26:22.936Z"}
{"node_id":"3","ph":"8.4","temp":"27.2","createdAt":"2026-02-04T14:26:32.938Z"}
{"node_id":"3","ph":"8.5","temp":"27.1","createdAt":"2026-02-04T14:26:42.938Z"}
{"node_id":"3","ph":"8.6","temp":"27.1","createdAt":"2026-02-04T14:26:52.939Z"}
{"node_id":"3","ph":"8.6","temp":"27.1","createdAt":"2026-02-04T14:27:20.604Z"}
{"node_id":"3","ph":"8.6","temp":"27.2","createdAt":"2026-02-04T14:27:30.607Z"}
{"node_id":"3","ph":"8.4","temp":"27.1","createdAt":"2026-02-04T14:27:40.604Z"}
{"node_id":"3","ph":"8.6","temp":"27.1","createdAt":"2026-02-04T14:27:50.606Z"}
{"node_id":"3","ph":"8.4","temp":"27.1","createdAt":"2026-02-04T14:28:00.607Z"}
{"node_id":"3","ph":"8.6","temp":"27.2","createdAt":"2026-02-04T14:28:10.607Z"}
{"node_id":"3","ph":"8.6","temp":"27.2","createdAt":"2026-02-04T14:28:24.309Z"}
{"node_id":"3","ph":"8.4","temp":"27.1","createdAt":"2026-02-04T14:28:34.311Z"}
{"node_id":"3","ph":"8.6","temp":"27.1","createdAt":"2026-02-04T14:28:44.300Z"}
{"node_id":"3","ph":"8.5","temp":"27.1","createdAt":"2026-02-04T14:29:04.289Z"}
{"node_id":"3","ph":"8.4","temp":"27.1","createdAt":"2026-02-04T14:29:14.287Z"}
{"node_id":"3","ph":"8.6","temp":"27.1","createdAt":"2026-02-04T14:29:34.287Z"}
{"node_id":"3","ph":"8.5","temp":"27.1","createdAt":"2026-02-04T14:29:44.287Z"}
{"node_id":"3","ph":"8.4","temp":"27.1","createdAt":"2026-02-04T14:29:54.288Z"}
{"node_id":"3","ph":"8.6","temp":"27.1","createdAt":"2026-02-04T14:30:04.289Z"}
{"node_id":"3","ph":"8.5","temp":"27.1","createdAt":"2026-02-04T14:30:38.279Z"}
{"node_id":"3","ph":"8.6","temp":"27.1","createdAt":"2026-02-04T14:30:48.279Z"}
{"node_id":"3","ph":"8.5","temp":"27.1","createdAt":"2026-02-04T14:30:58.280Z"}
{"node_id":"3","ph":"8.4","temp":"27.1","createdAt":"2026-02-04T14:31:18.281Z"}
{"node_id":"3","ph":"8.6","temp":"27.1","createdAt":"2026-02-04T14:33:13.355Z"}
{"node_id":"3","ph":"8.4","temp":"27.1","createdAt":"2026-02-04T14:33:23.353Z"}
{"node_id":"3","ph":"8.6","temp":"27.1","createdAt":"2026-02-04T14:33:33.360Z"}
{"node_id":"3","ph":"8.5","temp":"27.1","createdAt":"2026-02-04T14:33:43.362Z"}
{"node_id":"3","ph":"8.4","temp":"27.1","createdAt":"2026-02-04T14:34:03.363Z"}
{"node_id":"3","ph":"8.5","temp":"27.1","createdAt":"2026-02-04T14:34:13.364Z"}
{"node_id":"3","ph":"8.6","temp":"27.1","createdAt":"2026-02-04T14:34:23.366Z"}
{"node_id":"3","ph":"8.5","temp":"27.1","createdAt":"2026-02-04T14:34:33.367Z"}
{"node_id":"3","ph":8.6,"temp":27.1,"createdAt":"2026-02-04T14:43:28.168Z"}
{"node_id":"3","ph":8.4,"temp":27.1,"createdAt":"2026-02-04T14:43:58.170Z"}
{"node_id":"3","ph":8.6,"temp":27.1,"createdAt":"2026-02-04T14:44:08.170Z"}
{"node_id":"3","ph":8.4,"temp":27.1,"createdAt":"2026-02-04T14:44:38.172Z"}
{"node_id":"3","ph":8.5,"temp":27.1,"createdAt":"2026-02-04T14:44:48.173Z"}
{"node_id":"3","ph":8.6,"temp":27.1,"createdAt":"2026-02-04T14:44:58.173Z"}
{"node_id":"3","ph":8.4,"temp":27.1,"createdAt":"2026-02-04T14:45:08.174Z"}
{"node_id":"3","ph":8.6,"temp":27.1,"createdAt":"2026-02-04T14:45:18.174Z"}
{"node_id":"3","ph":8.4,"temp":27.1,"createdAt":"2026-02-04T14:45:28.175Z"}
{"node_id":"3","ph":8.6,"temp":27,"createdAt":"2026-02-04T21:51:18.197+07:00"}
{"node_id":"3","ph":8.4,"temp":27.1,"createdAt":"2026-02-04T21:51:28.198+07:00"}
{"node_id":"3","ph":8.6,"temp":27.1,"createdAt":"2026-02-04T21:51:38.198+07:00"}
{"node_id":"3","ph":8.6,"temp":27,"createdAt":"2026-02-04T21:51:48.199+07:00"}
{"node_id":"3","ph":8.4,"temp":27,"createdAt":"2026-02-04T21:51:58.199+07:00"}
{"node_id":"3","ph":8.6,"temp":27,"createdAt":"2026-02-04T21:52:08.200+07:00"}
{"node_id":"3","ph":8.4,"temp":27.1,"createdAt":"2026-02-04T21:52:18.201+07:00"}
{"node_id":"3","ph":8.6,"temp":27,"createdAt":"2026-02-04T21:52:28.201+07:00"}
{"node_id":"3","ph":8.5,"temp":27,"createdAt":"2026-02-04T21:52:38.201+07:00"}
{"node_id":"3","ph":8.6,"temp":27.1,"createdAt":"2026-02-04T21:52:48.202+07:00"}
{"node_id":"3","ph":8.4,"temp":27.1,"createdAt":"2026-02-04T21:52:58.203+07:00"}
{"node_id":"3","ph":8.4,"temp":27,"createdAt":"2026-02-04T21:54:18.208+07:00"}
{"node_id":"3","ph":"8.6","temp":"27.0","createdAt":"2026-02-04T21:54:38.209+07:00"}
{"node_id":"3","ph":"8.5","temp":"27.0","createdAt":"2026-02-04T21:54:58.210+07:00"}
{"node_id":"3","ph":"8.6","temp":"27.0","createdAt":"2026-02-04T21:55:18.211+07:00"}
{"node_id":"3","ph":"8.5","temp":"27.0","createdAt":"2026-02-04T21:55:38.212+07:00"}
{"node_id":"3","ph":"8.6","temp":"27.0","createdAt":"2026-02-04T21:55:58.213+07:00"}
{"node_id":"3","ph":"8.4","temp":"27.0","createdAt":"2026-02-04T21:56:08.214+07:00"}
{"node_id":"3","ph":"8.6","temp":"27.0","createdAt":"2026-02-04T21:56:18.215+07:00"}
{"node_id":"3","ph":"8.4","temp":"27.0","createdAt":"2026-02-04T21:56:28.215+07:00"}
{"node_id":"3","ph":8.6,"temp":27,"createdAt":"2026-02-04T21:57:08.217+07:00"}
{"node_id":"3","ph":8.4,"temp":27,"createdAt":"2026-02-04T21:57:18.218+07:00"}
{"node_id":"3","ph":8.6,"temp":27,"createdAt":"2026-02-04T21:57:58.220+07:00"}
{"node_id":"3","ph":8.4,"temp":27,"createdAt":"2026-02-04T21:58:08.220+07:00"}
{"node_id":"3","ph":8.5,"temp":27,"createdAt":"2026-02-04T21:58:28.221+07:00"}
{"node_id":"3","ph":8.6,"temp":27,"createdAt":"2026-02-04T21:58:38.222+07:00"}
{"node_id":"3","ph":8.4,"temp":27,"createdAt":"2026-02-04T21:58:58.223+07:00"}
{"node_id":"3","ph":8.6,"temp":27,"createdAt":"2026-02-04T21:59:08.224+07:00"}
{"node_id":"3","ph":8.5,"temp":27,"createdAt":"2026-02-04T21:59:18.225+07:00"}
{"node_id":"3","ph":8.4,"temp":27,"createdAt":"2026-02-04T21:59:38.226+07:00"}
{"node_id":"3","ph":8.4,"temp":27,"createdAt":"2026-02-04T22:00:08.228+07:00"}
{"node_id":"3","ph":8.6,"temp":27,"createdAt":"2026-02-04T22:00:28.229+07:00"}
{"node_id":"3","ph":8.4,"temp":27,"createdAt":"2026-02-04T22:01:18.231+07:00"}
{"node_id":"3","ph":8.5,"temp":27,"createdAt":"2026-02-04T22:01:28.232+07:00"}
{"node_id":"3","ph":8.6,"temp":27,"createdAt":"2026-02-04T22:01:38.232+07:00"}
{"node_id":"3","ph":8.4,"temp":27,"createdAt":"2026-02-04T22:01:48.233+07:00"}
{"node_id":"3","ph":8.6,"temp":27,"createdAt":"2026-02-04T22:01:58.234+07:00"}
{"node_id":"3","ph":8.5,"temp":27,"createdAt":"2026-02-04T22:02:08.234+07:00"}
{"node_id":"3","ph":8.6,"temp":27,"createdAt":"2026-02-04T22:02:18.235+07:00"}
{"node_id":"3","ph":8.5,"temp":27,"createdAt":"2026-02-04T22:02:38.236+07:00"}
{"node_id":"3","ph":8.5,"temp":27,"createdAt":"2026-02-04T22:03:08.238+07:00"}
{"node_id":"3","ph":8.6,"temp":27,"createdAt":"2026-02-04T22:03:18.239+07:00"}
{"node_id":"3","ph":8.5,"temp":27,"createdAt":"2026-02-04T22:03:38.240+07:00"}
{"node_id":"3","ph":8.7,"temp":27,"createdAt":"2026-02-04T22:03:48.240+07:00"}
{"node_id":"3","ph":8.5,"temp":27,"createdAt":"2026-02-04T22:03:58.241+07:00"}
{"node_id":"3","ph":8.6,"temp":27,"createdAt":"2026-02-04T22:04:08.241+07:00"}
{"node_id":"3","ph":8.4,"temp":27,"createdAt":"2026-02-04T22:04:28.242+07:00"}
{"node_id":"3","ph":8.6,"temp":27,"createdAt":"2026-02-04T22:04:38.243+07:00"}
{"node_id":"3","ph":8.4,"temp":27,"createdAt":"2026-02-04T22:05:58.247+07:00"}
{"node_id":"3","ph":8.6,"temp":27,"createdAt":"2026-02-04T22:06:28.248+07:00"}
{"node_id":"3","ph":8.5,"temp":27,"createdAt":"2026-02-04T22:06:58.250+07:00"}
{"node_id":"3","ph":8.4,"temp":26.9,"createdAt":"2026-02-04T22:07:28.252+07:00"}
{"node_id":"3","ph":8.4,"temp":27,"createdAt":"2026-02-04T22:07:38.252+07:00"}
{"node_id":"3","ph":8.6,"temp":27,"createdAt":"2026-02-04T22:07:48.252+07:00"}
{"node_id":"3","ph":8.5,"temp":27,"createdAt":"2026-02-04T22:08:08.253+07:00"}
{"node_id":"3","ph":8.4,"temp":27,"createdAt":"2026-02-04T22:08:18.254+07:00"}
{"node_id":"3","ph":8.6,"temp":27,"createdAt":"2026-02-04T22:08:28.254+07:00"}
{"node_id":"3","ph":8.4,"temp":27,"createdAt":"2026-02-04T22:08:38.255+07:00"}
{"node_id":"3","ph":8.5,"temp":27,"createdAt":"2026-02-04T22:09:18.260+07:00"}
{"node_id":"3","ph":8.6,"temp":27,"createdAt":"2026-02-04T22:09:28.260+07:00"}
{"node_id":"3","ph":8.4,"temp":27,"createdAt":"2026-02-04T22:09:38.261+07:00"}
{"node_id":"3","ph":8.6,"temp":27,"createdAt":"2026-02-04T22:09:48.261+07:00"}
{"node_id":"3","ph":8.4,"temp":27,"createdAt":"2026-02-04T22:09:58.262+07:00"}
{"node_id":"3","ph":8.6,"temp":26.9,"createdAt":"2026-02-04T22:10:08.262+07:00"}
{"node_id":"3","ph":8.4,"temp":27,"createdAt":"2026-02-04T22:10:18.263+07:00"}
{"node_id":"3","ph":8.4,"temp":26.9,"createdAt":"2026-02-04T22:10:28.263+07:00"}
{"node_id":"3","ph":8.6,"temp":26.9,"createdAt":"2026-02-04T22:10:38.264+07:00"}
{"node_id":"3","ph":8.4,"temp":27,"createdAt":"2026-02-04T22:11:08.265+07:00"}
{"node_id":"3","ph":8.6,"temp":27,"createdAt":"2026-02-04T22:11:28.266+07:00"}
{"node_id":"3","ph":8.5,"temp":27,"createdAt":"2026-02-04T22:12:18.269+07:00"}
{"node_id":"3","ph":8.4,"temp":27,"createdAt":"2026-02-04T22:12:28.270+07:00"}
{"node_id":"3","ph":8.4,"temp":26.9,"createdAt":"2026-02-04T22:13:18.272+07:00"}
{"node_id":"3","ph":8.6,"temp":26.9,"createdAt":"2026-02-04T22:13:28.273+07:00"}
{"node_id":"3","ph":8.4,"temp":27,"createdAt":"2026-02-04T22:13:48.274+07:00"}
{"node_id":"3","ph":8.5,"temp":27,"createdAt":"2026-02-04T22:13:58.274+07:00"}
{"node_id":"3","ph":8.6,"temp":27,"createdAt":"2026-02-04T22:14:08.275+07:00"}
{"node_id":"3","ph":8.4,"temp":27,"createdAt":"2026-02-04T22:17:18.286+07:00"}
{"node_id":"3","ph":8.6,"temp":26.9,"createdAt":"2026-02-04T22:17:28.287+07:00"}
{"node_id":"3","ph":8.6,"temp":27,"createdAt":"2026-02-04T22:17:38.287+07:00"}
{"node_id":"3","ph":8.5,"temp":26.9,"createdAt":"2026-02-04T22:17:48.288+07:00"}
{"node_id":"3","ph":8.7,"temp":26.9,"createdAt":"2026-02-04T22:17:58.288+07:00"}
{"node_id":"3","ph":8.4,"temp":26.9,"createdAt":"2026-02-04T22:18:08.289+07:00"}
{"node_id":"3","ph":8.6,"temp":26.9,"createdAt":"2026-02-04T22:18:38.291+07:00"}
{"node_id":"3","ph":8.5,"temp":26.9,"createdAt":"2026-02-04T22:18:48.291+07:00"}
{"node_id":"3","ph":8.7,"temp":26.9,"createdAt":"2026-02-04T22:18:58.292+07:00"}
{"node_id":"3","ph":8.6,"temp":27,"createdAt":"2026-02-04T22:19:28.293+07:00"}
{"node_id":"3","ph":8.4,"temp":26.9,"createdAt":"2026-02-04T22:19:38.294+07:00"}
{"node_id":"3","ph":8.6,"temp":26.9,"createdAt":"2026-02-04T22:19:48.294+07:00"}
{"node_id":"3","ph":8.4,"temp":26.9,"createdAt":"2026-02-04T22:20:18.296+07:00"}
{"node_id":"3","ph":8.6,"temp":26.9,"createdAt":"2026-02-04T22:20:28.296+07:00"}
{"node_id":"3","ph":8.4,"temp":26.9,"createdAt":"2026-02-04T22:21:08.298+07:00"}
{"node_id":"3","ph":8.5,"temp":26.9,"createdAt":"2026-02-04T22:21:18.299+07:00"}
{"node_id":"3","ph":8.6,"temp":26.9,"createdAt":"2026-02-04T22:21:28.299+07:00"}
{"node_id":"3","ph":8.5,"temp":26.9,"createdAt":"2026-02-04T22:21:48.300+07:00"}
{"node_id":"3","ph":8.5,"temp":26.9,"createdAt":"2026-02-04T22:22:48.303+07:00"}
{"node_id":"3","ph":8.4,"temp":26.9,"createdAt":"2026-02-04T22:22:58.303+07:00"}
{"node_id":"3","ph":8.5,"temp":26.9,"createdAt":"2026-02-04T22:23:38.305+07:00"}
{"node_id":"3","ph":8.4,"temp":26.9,"createdAt":"2026-02-04T22:23:48.306+07:00"}
{"node_id":"3","ph":8.5,"temp":26.9,"createdAt":"2026-02-04T22:23:58.306+07:00"}
{"node_id":"3","ph":8.4,"temp":26.9,"createdAt":"2026-02-04T22:24:08.306+07:00"}
{"node_id":"3","ph":8.6,"temp":26.9,"createdAt":"2026-02-04T22:24:18.307+07:00"}
{"node_id":"3","ph":8.7,"temp":26.9,"createdAt":"2026-02-04T22:24:28.307+07:00"}
{"node_id":"3","ph":8.6,"temp":26.9,"createdAt":"2026-02-04T22:24:38.308+07:00"}
{"node_id":"3","ph":8.5,"temp":26.9,"createdAt":"2026-02-04T22:24:58.309+07:00"}
{"node_id":"3","ph":8.7,"temp":26.9,"createdAt":"2026-02-04T22:25:18.310+07:00"}
{"node_id":"3","ph":8.4,"temp":26.9,"createdAt":"2026-02-04T22:25:28.310+07:00"}
{"node_id":"3","ph":8.5,"temp":26.9,"createdAt":"2026-02-04T22:25:38.311+07:00"}
{"node_id":"3","ph":8.4,"temp":26.9,"createdAt":"2026-02-04T22:25:48.311+07:00"}
{"node_id":"3","ph":8.5,"temp":26.9,"createdAt":"2026-02-04T22:25:58.312+07:00"}
{"node_id":"3","ph":8.7,"temp":26.9,"createdAt":"2026-02-04T22:26:18.313+07:00"}
{"node_id":"3","ph":8.4,"temp":26.9,"createdAt":"2026-02-04T22:26:38.314+07:00"}
{"node_id":"3","ph":8.6,"temp":26.9,"createdAt":"2026-02-04T22:26:48.314+07:00"}
{"node_id":"3","ph":8.5,"temp":26.9,"createdAt":"2026-02-04T22:26:58.315+07:00"}
{"node_id":"3","ph":8.7,"temp":26.9,"createdAt":"2026-02-04T22:27:08.315+07:00"}
{"node_id":"3","ph":8.5,"temp":26.9,"createdAt":"2026-02-04T22:27:18.316+07:00"}
{"node_id":"3","ph":8.7,"temp":26.9,"createdAt":"2026-02-04T22:27:28.316+07:00"}
{"node_id":"3","ph":8.5,"temp":26.9,"createdAt":"2026-02-04T22:27:38.317+07:00"}
{"node_id":"3","ph":8.4,"temp":26.9,"createdAt":"2026-02-04T22:27:48.318+07:00"}
{"node_id":"3","ph":8.4,"temp":26.9,"createdAt":"2026-02-04T22:28:28.320+07:00"}
{"node_id":"3","ph":8.6,"temp":26.9,"createdAt":"2026-02-04T22:28:48.321+07:00"}
{"node_id":"3","ph":8.5,"temp":26.9,"createdAt":"2026-02-04T22:28:58.321+07:00"}
{"node_id":"3","ph":8.6,"temp":26.9,"createdAt":"2026-02-04T22:29:08.321+07:00"}
{"node_id":"3","ph":8.5,"temp":26.9,"createdAt":"2026-02-04T22:29:18.322+07:00"}
{"node_id":"3","ph":8.6,"temp":26.9,"createdAt":"2026-02-04T22:29:28.323+07:00"}
{"node_id":"3","ph":8.4,"temp":26.9,"createdAt":"2026-02-04T22:29:38.323+07:00"}
{"node_id":"3","ph":8.7,"temp":26.9,"createdAt":"2026-02-04T22:29:48.323+07:00"}
{"node_id":"3","ph":8.6,"temp":26.9,"createdAt":"2026-02-04T22:29:58.324+07:00"}
{"node_id":"3","ph":8.5,"temp":26.9,"createdAt":"2026-02-04T22:30:08.324+07:00"}
{"node_id":"3","ph":8.6,"temp":26.9,"createdAt":"2026-02-04T22:30:18.325+07:00"}
{"node_id":"3","ph":8.4,"temp":26.9,"createdAt":"2026-02-04T22:30:28.325+07:00"}
{"node_id":"3","ph":8.6,"temp":26.9,"createdAt":"2026-02-04T22:30:38.326+07:00"}
{"node_id":"3","ph":8.4,"temp":26.9,"createdAt":"2026-02-04T22:31:08.329+07:00"}
{"node_id":"3","ph":8.6,"temp":26.9,"createdAt":"2026-02-04T22:31:18.330+07:00"}
{"node_id":"3","ph":8.5,"temp":26.9,"createdAt":"2026-02-04T22:31:48.331+07:00"}
{"node_id":"3","ph":8.4,"temp":26.9,"createdAt":"2026-02-04T22:31:58.332+07:00"}
{"node_id":"3","ph":8.6,"temp":26.9,"createdAt":"2026-02-04T22:32:08.332+07:00"}
{"node_id":"3","ph":8.5,"temp":26.9,"createdAt":"2026-02-04T22:32:18.333+07:00"}
{"node_id":"3","ph":8.6,"temp":26.9,"createdAt":"2026-02-04T22:32:38.334+07:00"}
{"node_id":"3","ph":8.4,"temp":26.9,"createdAt":"2026-02-04T22:32:48.334+07:00"}
{"node_id":"3","ph":8.6,"temp":26.9,"createdAt":"2026-02-04T22:32:58.335+07:00"}
{"node_id":"3","ph":8.5,"temp":26.9,"createdAt":"2026-02-04T22:33:08.335+07:00"}
{"node_id":"3","ph":8.7,"temp":26.9,"createdAt":"2026-02-04T22:33:18.336+07:00"}
{"node_id":"3","ph":8.5,"temp":26.9,"createdAt":"2026-02-04T22:33:28.336+07:00"}
{"node_id":"3","ph":8.7,"temp":26.9,"createdAt":"2026-02-04T22:33:38.337+07:00"}
{"node_id":"3","ph":8.6,"temp":26.9,"createdAt":"2026-02-04T22:33:48.337+07:00"}
{"node_id":"3","ph":8.7,"temp":26.9,"createdAt":"2026-02-04T22:34:08.338+07:00"}
{"node_id":"3","ph":8.5,"temp":26.9,"createdAt":"2026-02-04T22:34:18.339+07:00"}
{"node_id":"3","ph":8.7,"temp":26.9,"createdAt":"2026-02-04T22:34:28.339+07:00"}
{"node_id":"3","ph":8.4,"temp":26.9,"createdAt":"2026-02-04T22:34:38.340+07:00"}
{"node_id":"3","ph":8.5,"temp":26.9,"createdAt":"2026-02-04T22:34:48.340+07:00"}
{"node_id":"3","ph":8.7,"temp":26.9,"createdAt":"2026-02-04T22:34:58.341+07:00"}
{"node_id":"3","ph":8.6,"temp":26.9,"createdAt":"2026-02-04T22:35:08.341+07:00"}
{"node_id":"3","ph":8.7,"temp":26.9,"createdAt":"2026-02-04T22:35:18.342+07:00"}
{"node_id":"3","ph":8.6,"temp":26.9,"createdAt":"2026-02-04T22:36:08.345+07:00"}
{"node_id":"3","ph":8.7,"temp":26.9,"createdAt":"2026-02-04T22:36:18.345+07:00"}
{"node_id":"3","ph":8.6,"temp":26.9,"createdAt":"2026-02-04T22:36:28.345+07:00"}
{"node_id":"3","ph":8.7,"temp":26.9,"createdAt":"2026-02-04T22:36:38.346+07:00"}
{"node_id":"3","ph":8.4,"temp":26.9,"createdAt":"2026-02-04T22:36:48.346+07:00"}
{"node_id":"3","ph":8.6,"temp":26.9,"createdAt":"2026-02-04T22:36:58.347+07:00"}
{"node_id":"3","ph":8.4,"temp":26.9,"createdAt":"2026-02-04T22:37:08.347+07:00"}
{"node_id":"3","ph":8.7,"temp":26.9,"createdAt":"2026-02-04T22:37:18.348+07:00"}
{"node_id":"3","ph":8.6,"temp":26.9,"createdAt":"2026-02-04T22:37:28.348+07:00"}
{"node_id":"3","ph":8.4,"temp":26.9,"createdAt":"2026-02-04T22:37:38.349+07:00"}
{"node_id":"3","ph":8.6,"temp":26.9,"createdAt":"2026-02-04T22:37:48.350+07:00"}
{"node_id":"3","ph":8.7,"temp":26.9,"createdAt":"2026-02-04T22:38:28.352+07:00"}
{"node_id":"3","ph":8.4,"temp":26.9,"createdAt":"2026-02-04T22:38:38.353+07:00"}
{"node_id":"3","ph":8.5,"temp":26.9,"createdAt":"2026-02-04T22:38:48.353+07:00"}
{"node_id":"3","ph":8.6,"temp":26.9,"createdAt":"2026-02-04T22:38:58.354+07:00"}
{"node_id":"3","ph":8.7,"temp":26.9,"createdAt":"2026-02-04T22:39:08.354+07:00"}
{"node_id":"3","ph":8.5,"temp":26.9,"createdAt":"2026-02-04T22:39:18.354+07:00"}
{"node_id":"3","ph":8.6,"temp":26.9,"createdAt":"2026-02-04T22:39:38.355+07:00"}
{"node_id":"3","ph":8.7,"temp":26.9,"createdAt":"2026-02-04T22:39:48.356+07:00"}
{"node_id":"3","ph":8.4,"temp":26.9,"createdAt":"2026-02-04T22:39:58.357+07:00"}
{"node_id":"3","ph":8.6,"temp":26.9,"createdAt":"2026-02-04T22:40:08.358+07:00"}
{"node_id":"3","ph":8.6,"temp":26.9,"createdAt":"2026-02-04T22:40:28.359+07:00"}
{"node_id":"3","ph":8.5,"temp":26.9,"createdAt":"2026-02-04T22:40:38.360+07:00"}
{"node_id":"3","ph":8.4,"temp":26.9,"createdAt":"2026-02-04T22:40:48.360+07:00"}
{"node_id":"3","ph":8.7,"temp":26.9,"createdAt":"2026-02-04T22:40:58.360+07:00"}
{"node_id":"3","ph":8.5,"temp":26.9,"createdAt":"2026-02-04T22:41:08.361+07:00"}
{"node_id":"3","ph":8.4,"temp":26.9,"createdAt":"2026-02-04T22:41:18.361+07:00"}
{"node_id":"3","ph":8.7,"temp":26.9,"createdAt":"2026-02-04T22:41:48.363+07:00"}
{"node_id":"3","ph":8.4,"temp":26.9,"createdAt":"2026-02-04T22:42:18.364+07:00"}
{"node_id":"3","ph":8.7,"temp":26.9,"createdAt":"2026-02-04T22:42:28.365+07:00"}
{"node_id":"3","ph":8.6,"temp":26.9,"createdAt":"2026-02-04T22:43:08.367+07:00"}
{"node_id":"3","ph":8.4,"temp":26.9,"createdAt":"2026-02-04T22:43:18.367+07:00"}
{"node_id":"3","ph":8.5,"temp":26.9,"createdAt":"2026-02-04T22:43:28.368+07:00"}
{"node_id":"3","ph":8.7,"temp":26.9,"createdAt":"2026-02-04T22:43:38.368+07:00"}
{"node_id":"3","ph":8.6,"temp":26.9,"createdAt":"2026-02-04T22:43:48.369+07:00"}
{"node_id":"3","ph":8.5,"temp":26.9,"createdAt":"2026-02-04T22:43:58.369+07:00"}
{"node_id":"3","ph":8.6,"temp":26.8,"createdAt":"2026-02-04T22:44:08.370+07:00"}
{"node_id":"3","ph":8.5,"temp":26.9,"createdAt":"2026-02-04T22:44:18.370+07:00"}
{"node_id":"3","ph":8.7,"temp":26.9,"createdAt":"2026-02-04T22:44:28.371+07:00"}
{"node_id":"3","ph":8.4,"temp":26.9,"createdAt":"2026-02-04T22:44:48.372+07:00"}
{"node_id":"3","ph":8.6,"temp":26.9,"createdAt":"2026-02-04T22:44:58.372+07:00"}
{"node_id":"3","ph":8.5,"temp":26.9,"createdAt":"2026-02-04T22:45:08.373+07:00"}
{"node_id":"3","ph":8.6,"temp":26.9,"createdAt":"2026-02-04T22:45:18.373+07:00"}
{"node_id":"3","ph":8.5,"temp":26.9,"createdAt":"2026-02-04T22:45:48.375+07:00"}
{"node_id":"3","ph":8.4,"temp":26.9,"createdAt":"2026-02-04T22:45:58.375+07:00"}
{"node_id":"3","ph":8.6,"temp":26.9,"createdAt":"2026-02-04T22:46:08.376+07:00"}
{"node_id":"3","ph":8.7,"temp":26.9,"createdAt":"2026-02-04T22:46:18.376+07:00"}
{"node_id":"3","ph":8.6,"temp":26.9,"createdAt":"2026-02-04T22:46:28.377+07:00"}
{"node_id":"3","ph":8.5,"temp":26.9,"createdAt":"2026-02-04T22:46:38.377+07:00"}
{"node_id":"3","ph":8.7,"temp":26.8,"createdAt":"2026-02-04T22:46:48.378+07:00"}
{"node_id":"3","ph":8.4,"temp":26.9,"createdAt":"2026-02-04T22:46:58.378+07:00"}
{"node_id":"3","ph":8.6,"temp":26.9,"createdAt":"2026-02-04T22:47:08.379+07:00"}
{"node_id":"3","ph":8.5,"temp":26.9,"createdAt":"2026-02-04T22:47:18.379+07:00"}
