{"node_id":"1","ph":"7.1","temp":"27.4","createdAt":"2026-02-04T13:45:22.637Z"}
{"node_id":"1","ph":"7.0","temp":"27.4","createdAt":"2026-02-04T13:46:02.641Z"}
{"node_id":"1","ph":"7.1","temp":"27.4","createdAt":"2026-02-04T13:46:32.643Z"}
{"node_id":"1","ph":"7.0","temp":"27.4","createdAt":"2026-02-04T13:46:42.643Z"}
{"node_id":"1","ph":"7.1","temp":"27.4","createdAt":"2026-02-04T13:47:12.645Z"}
{"node_id":"1","ph":"7.0","temp":"27.4","createdAt":"2026-02-04T13:47:22.647Z"}
{"node_id":"1","ph":"7.1","temp":"27.4","createdAt":"2026-02-04T13:47:42.649Z"}
{"node_id":"1","ph":"7.0","temp":"27.4","createdAt":"2026-02-04T13:47:52.651Z"}
{"node_id":"1","ph":"7.1","temp":"27.4","createdAt":"2026-02-04T13:48:12.653Z"}
{"node_id":"1","ph":"7.0","temp":"27.4","createdAt":"2026-02-04T13:48:32.658Z"}
{"node_id":"1","ph":"7.1","temp":"27.4","createdAt":"2026-02-04T13:49:22.662Z"}
{"node_id":"1","ph":"7.0","temp":"27.4","createdAt":"2026-02-04T13:49:32.662Z"}
{"node_id":"1","ph":"7.1","temp":"27.4","createdAt":"2026-02-04T13:50:02.664Z"}
{"node_id":"1","ph":"7.0","temp":"27.4","createdAt":"2026-02-04T13:50:12.665Z"}
{"node_id":"1","ph":"7.1","temp":"27.4","createdAt":"2026-02-04T13:50:32.669Z"}
{"node_id":"1","ph":"7.0","temp":"27.4","createdAt":"2026-02-04T13:51:02.673Z"}
{"node_id":"1","ph":"7.1","temp":"27.4","createdAt":"2026-02-04T13:51:52.679Z"}
{"node_id":"1","ph":"7.0","temp":"27.4","createdAt":"2026-02-04T13:52:02.681Z"}
{"node_id":"1","ph":"7.1","temp":"27.4","createdAt":"2026-02-04T13:52:12.682Z"}
{"node_id":"1","ph":"7.0","temp":"27.4","createdAt":"2026-02-04T13:52:22.683Z"}
{"node_id":"1","ph":"7.1","temp":"27.4","createdAt":"2026-02-04T13:52:42.685Z"}
{"node_id":"1","ph":"7.0","temp":"27.4","createdAt":"2026-02-04T13:53:22.690Z"}
{"node_id":"1","ph":"7.1","temp":"27.4","createdAt":"2026-02-04T13:54:02.694Z"}
{"node_id":"1","ph":"7.0","temp":"27.4","createdAt":"2026-02-04T13:54:32.698Z"}
{"node_id":"1","ph":"7.1","temp":"27.4","createdAt":"2026-02-04T13:55:02.701Z"}
{"node_id":"1","ph":"7.0","temp":"27.4","createdAt":"2026-02-04T13:55:22.703Z"}
{"node_id":"1","ph":"7.1","temp":"27.4","createdAt":"2026-02-04T13:55:32.704Z"}
{"node_id":"1","ph":"7.0","temp":"27.4","createdAt":"2026-02-04T13:55:42.705Z"}
{"node_id":"1","ph":"7.1","temp":"27.4","createdAt":"2026-02-04T13:55:52.707Z"}
{"node_id":"1","ph":"7.0","temp":"27.4","createdAt":"2026-02-04T13:56:02.707Z"}
{"node_id":"1","ph":"7.1","temp":"27.4","createdAt":"2026-02-04T13:56:12.708Z"}
{"node_id":"1","ph":"7.0","temp":"27.4","createdAt":"2026-02-04T13:56:52.713Z"}
{"node_id":"1","ph":"7.1","temp":"27.4","createdAt":"2026-02-04T13:57:02.714Z"}
{"node_id":"1","ph":"7.0","temp":"27.4","createdAt":"2026-02-04T13:57:42.718Z"}
{"node_id":"1","ph":"7.1","temp":"27.4","createdAt":"2026-02-04T13:57:52.718Z"}
{"node_id":"1","ph":"7.0","temp":"27.4","createdAt":"2026-02-04T13:59:42.741Z"}
{"node_id":"1","ph":"7.1","temp":"27.4","createdAt":"2026-02-04T14:00:22.747Z"}
{"node_id":"1","ph":"7.0","temp":"27.4","createdAt":"2026-02-04T14:01:42.755Z"}
{"node_id":"1","ph":"7.1","temp":"27.4","createdAt":"2026-02-04T14:01:52.757Z"}
{"node_id":"1","ph":"7.0","temp":"27.4","createdAt":"2026-02-04T14:02:32.761Z"}
{"node_id":"1","ph":"7.1","temp":"27.4","createdAt":"2026-02-04T14:02:42.762Z"}
{"node_id":"1","ph":"7.0","temp":"27.4","createdAt":"2026-02-04T14:02:52.763Z"}
{"node_id":"1","ph":"7.1","temp":"27.4","createdAt":"2026-02-04T14:03:02.765Z"}
{"node_id":"1","ph":"7.0","temp":"27.4","createdAt":"2026-02-04T14:04:02.773Z"}
{"node_id":"1","ph":"7.1","temp":"27.4","createdAt":"2026-02-04T14:04:32.776Z"}
{"node_id":"1","ph":"7.0","temp":"27.3","createdAt":"2026-02-04T14:04:42.777Z"}
{"node_id":"1","ph":"7.1","temp":"27.4","createdAt":"2026-02-04T14:04:52.778Z"}
{"node_id":"1","ph":"7.1","temp":"27.3","createdAt":"2026-02-04T14:05:12.780Z"}
{"node_id":"1","ph":"7.1","temp":"27.4","createdAt":"2026-02-04T14:05:32.782Z"}
{"node_id":"1","ph":"7.0","temp":"27.4","createdAt":"2026-02-04T14:05:42.783Z"}
{"node_id":"1","ph":"7.1","temp":"27.3","createdAt":"2026-02-04T14:05:52.785Z"}
{"node_id":"1","ph":"7.1","temp":"27.4","createdAt":"2026-02-04T14:06:02.785Z"}
{"node_id":"1","ph":"7.0","temp":"27.3","createdAt":"2026-02-04T14:06:22.786Z"}
{"node_id":"1","ph":"7.1","temp":"27.4","createdAt":"2026-02-04T14:06:32.787Z"}
{"node_id":"1","ph":"7.1","temp":"27.3","createdAt":"2026-02-04T14:07:22.794Z"}
{"node_id":"1","ph":"7.1","temp":"27.4","createdAt":"2026-02-04T14:07:32.796Z"}
{"node_id":"1","ph":"7.1","temp":"27.3","createdAt":"2026-02-04T14:07:42.797Z"}
{"node_id":"1","ph":"7.1","temp":"27.4","createdAt":"2026-02-04T14:07:52.799Z"}
{"node_id":"1","ph":"7.1","temp":"27.3","createdAt":"2026-02-04T14:08:02.800Z"}
{"node_id":"1","ph":"7.1","temp":"27.4","createdAt":"2026-02-04T14:08:12.801Z"}
{"node_id":"1","ph":"7.1","temp":"27.3","createdAt":"2026-02-04T14:08:32.803Z"}
{"node_id":"1","ph":"7.0","temp":"27.4","createdAt":"2026-02-04T14:08:52.806Z"}
{"node_id":"1","ph":"7.1","temp":"27.3","createdAt":"2026-02-04T14:09:02.806Z"}
{"node_id":"1","ph":"7.1","temp":"27.4","createdAt":"2026-02-04T14:09:42.811Z"}
{"node_id":"1","ph":"7.0","temp":"27.3","createdAt":"2026-02-04T14:09:52.812Z"}
{"node_id":"1","ph":"7.1","temp":"27.3","createdAt":"2026-02-04T14:10:02.814Z"}
{"node_id":"1","ph":"7.1","temp":"27.4","createdAt":"2026-02-04T14:10:22.815Z"}
{"node_id":"1","ph":"7.1","temp":"27.3","createdAt":"2026-02-04T14:10:42.816Z"}
{"node_id":"1","ph":"7.1","temp":"27.4","createdAt":"2026-02-04T14:10:52.817Z"}
{"node_id":"1","ph":"7.0","temp":"27.3","createdAt":"2026-02-04T14:11:12.820Z"}
{"node_id":"1","ph":"7.1","temp":"27.3","createdAt":"2026-02-04T14:11:22.822Z"}
{"node_id":"1","ph":"7.1","temp":"27.4","createdAt":"2026-02-04T14:13:12.834Z"}
{"node_id":"1","ph":"7.1","temp":"27.3","createdAt":"2026-02-04T14:13:22.836Z"}
{"node_id":"1","ph":"7.1","temp":"27.4","createdAt":"2026-02-04T14:13:32.838Z"}
{"node_id":"1","ph":"7.1","temp":"27.3","createdAt":"2026-02-04T14:13:42.840Z"}
{"node_id":"1","ph":"7.1","temp":"27.4","createdAt":"2026-02-04T14:13:52.842Z"}
{"node_id":"1","ph":"7.1","temp":"27.3","createdAt":"2026-02-04T14:14:12.845Z"}
{"node_id":"1","ph":"7.1","temp":"27.4","createdAt":"2026-02-04T14:14:52.850Z"}
{"node_id":"1","ph":"7.1","temp":"27.3","createdAt":"2026-02-04T14:15:02.852Z"}
{"node_id":"1","ph":"7.0","temp":"27.3","createdAt":"2026-02-04T14:16:12.860Z"}
{"node_id":"1","ph":"7.1","temp":"27.3","createdAt":"2026-02-04T14:16:22.861Z"}
{"node_id":"1","ph":"7.0","temp":"27.3","createdAt":"2026-02-04T14:16:32.862Z"}
{"node_id":"1","ph":"7.1","temp":"27.3","createdAt":"2026-02-04T14:16:42.863Z"}
{"node_id":"1","ph":"7.1","temp":"27.3","createdAt":"2026-02-04T14:27:30.604Z"}
{"node_id":"1","ph":"7.0","temp":"27.3","createdAt":"2026-02-04T14:28:00.606Z"}
{"node_id":"1","ph":"7.1","temp":"27.3","createdAt":"2026-02-04T14:28:10.606Z"}
{"node_id":"1","ph":"7.1","temp":"27.3","createdAt":"2026-02-04T14:28:34.310Z"}
{"node_id":"1","ph":"7.0","temp":"27.3","createdAt":"2026-02-04T14:29:14.287Z"}
{"node_id":"1","ph":"7.1","temp":"27.3","createdAt":"2026-02-04T14:29:24.287Z"}
{"node_id":"1","ph":"7.1","temp":"27.3","createdAt":"2026-02-04T14:30:16.028Z"}
{"node_id":"1","ph":"7.1","temp":"27.3","createdAt":"2026-02-04T14:30:28.277Z"}
{"node_id":"1","ph":"7.1","temp":"27.3","createdAt":"2026-02-04T14:33:13.353Z"}
{"node_id":"1","ph":7.1,"temp":27.2,"createdAt":"2026-02-04T14:44:28.171Z"}
{"node_id":"1","ph":7.1,"temp":27.3,"createdAt":"2026-02-04T14:44:38.172Z"}
{"node_id":"1","ph":7.1,"temp":27.2,"createdAt":"2026-02-04T14:45:18.174Z"}
{"node_id":"1","ph":7.1,"temp":27.3,"createdAt":"2026-02-04T14:45:28.175Z"}
{"node_id":"1","ph":7,"temp":27.2,"createdAt":"2026-02-04T21:54:18.208+07:00"}
{"node_id":"1","ph":7.1,"temp":27.1,"createdAt":"2026-02-04T22:04:08.241+07:00"}
{"node_id":"1","ph":7.1,"temp":27.2,"createdAt":"2026-02-04T22:04:18.242+07:00"}
{"node_id":"1","ph":7.1,"temp":27.1,"createdAt":"2026-02-04T22:06:08.247+07:00"}
{"node_id":"1","ph":7.1,"temp":27.2,"createdAt":"2026-02-04T22:06:38.249+07:00"}
{"node_id":"1","ph":7.1,"temp":27.1,"createdAt":"2026-02-04T22:07:38.252+07:00"}
{"node_id":"1","ph":7.1,"temp":27.2,"createdAt":"2026-02-04T22:08:08.253+07:00"}
{"node_id":"1","ph":7.1,"temp":27.1,"createdAt":"2026-02-04T22:08:28.254+07:00"}
{"node_id":"1","ph":7.1,"temp":27.2,"createdAt":"2026-02-04T22:08:38.255+07:00"}
{"node_id":"1","ph":7.1,"temp":27.1,"createdAt":"2026-02-04T22:08:48.256+07:00"}
{"node_id":"1","ph":7.1,"temp":27.2,"createdAt":"2026-02-04T22:08:58.258+07:00"}
{"node_id":"1","ph":7.1,"temp":27.1,"createdAt":"2026-02-04T22:09:18.260+07:00"}
{"node_id":"1","ph":7.1,"temp":27.2,"createdAt":"2026-02-04T22:10:28.263+07:00"}
{"node_id":"1","ph":7.1,"temp":27.1,"createdAt":"2026-02-04T22:10:38.264+07:00"}
{"node_id":"1","ph":7.1,"temp":27.2,"createdAt":"2026-02-04T22:14:08.275+07:00"}
{"node_id":"1","ph":7.1,"temp":27.1,"createdAt":"2026-02-04T22:14:18.276+07:00"}
{"node_id":"1","ph":7.1,"temp":27.2,"createdAt":"2026-02-04T22:17:08.286+07:00"}
{"node_id":"1","ph":7.1,"temp":27.1,"createdAt":"2026-02-04T22:17:18.286+07:00"}
{"node_id":"1","ph":7.1,"temp":27.2,"createdAt":"2026-02-04T22:17:58.288+07:00"}
{"node_id":"1","ph":7.1,"temp":27,"createdAt":"2026-02-04T22:38:18.352+07:00"}
{"node_id":"1","ph":7.1,"temp":27.1,"createdAt":"2026-02-04T22:38:28.352+07:00"}
{"node_id":"1","ph":7.1,"temp":27,"createdAt":"2026-02-04T22:39:58.357+07:00"}
{"node_id":"1","ph":7.1,"temp":27.1,"createdAt":"2026-02-04T22:40:08.358+07:00"}
{"node_id":"1","ph":7.1,"temp":27.1,"createdAt":"2026-02-04T22:43:08.367+07:00"}
{"node_id":"1","ph":7.1,"temp":27,"createdAt":"2026-02-04T22:46:58.378+07:00"}
{"node_id":"1","ph":7.1,"temp":27.1,"createdAt":"2026-02-04T22:47:08.379+07:00"}
